e:\代码保存（桌面）\rublishcode\blackcarsystem\blackcarsystem\debug\blackcarsystem.pch
e:\代码保存（桌面）\rublishcode\blackcarsystem\blackcarsystem\debug\vc120.pdb
e:\代码保存（桌面）\rublishcode\blackcarsystem\blackcarsystem\debug\vc120.idb
e:\代码保存（桌面）\rublishcode\blackcarsystem\blackcarsystem\debug\stdafx.obj
e:\代码保存（桌面）\rublishcode\blackcarsystem\blackcarsystem\debug\blackcarsystem.obj
e:\代码保存（桌面）\rublishcode\blackcarsystem\blackcarsystem\debug\blackcarsystemdlg.obj
e:\代码保存（桌面）\rublishcode\blackcarsystem\blackcarsystem\debug\dialog2.obj
e:\代码保存（桌面）\rublishcode\blackcarsystem\blackcarsystem\debug\dialog1.obj
e:\代码保存（桌面）\rublishcode\blackcarsystem\blackcarsystem\debug\managment.obj
e:\代码保存（桌面）\rublishcode\blackcarsystem\blackcarsystem\debug\littletool.obj
e:\代码保存（桌面）\rublishcode\blackcarsystem\blackcarsystem\debug\student.obj
e:\代码保存（桌面）\rublishcode\blackcarsystem\blackcarsystem\debug\blackcarsystem.res
e:\代码保存（桌面）\rublishcode\blackcarsystem\debug\blackcarsystem.pdb
e:\代码保存（桌面）\rublishcode\blackcarsystem\blackcarsystem\debug\blackcarsystem.tlog\cl.command.1.tlog
e:\代码保存（桌面）\rublishcode\blackcarsystem\blackcarsystem\debug\blackcarsystem.tlog\cl.read.1.tlog
e:\代码保存（桌面）\rublishcode\blackcarsystem\blackcarsystem\debug\blackcarsystem.tlog\cl.write.1.tlog
e:\代码保存（桌面）\rublishcode\blackcarsystem\blackcarsystem\debug\blackcarsystem.tlog\link-cvtres.read.1.tlog
e:\代码保存（桌面）\rublishcode\blackcarsystem\blackcarsystem\debug\blackcarsystem.tlog\link-cvtres.write.1.tlog
e:\代码保存（桌面）\rublishcode\blackcarsystem\blackcarsystem\debug\blackcarsystem.tlog\link-mt.read.1.tlog
e:\代码保存（桌面）\rublishcode\blackcarsystem\blackcarsystem\debug\blackcarsystem.tlog\link-mt.write.1.tlog
e:\代码保存（桌面）\rublishcode\blackcarsystem\blackcarsystem\debug\blackcarsystem.tlog\link-rc.read.1.tlog
e:\代码保存（桌面）\rublishcode\blackcarsystem\blackcarsystem\debug\blackcarsystem.tlog\link-rc.write.1.tlog
e:\代码保存（桌面）\rublishcode\blackcarsystem\blackcarsystem\debug\blackcarsystem.tlog\link.7588-cvtres.read.1.tlog
e:\代码保存（桌面）\rublishcode\blackcarsystem\blackcarsystem\debug\blackcarsystem.tlog\link.7588-cvtres.write.1.tlog
e:\代码保存（桌面）\rublishcode\blackcarsystem\blackcarsystem\debug\blackcarsystem.tlog\link.7588-mt.read.1.tlog
e:\代码保存（桌面）\rublishcode\blackcarsystem\blackcarsystem\debug\blackcarsystem.tlog\link.7588-mt.write.1.tlog
e:\代码保存（桌面）\rublishcode\blackcarsystem\blackcarsystem\debug\blackcarsystem.tlog\link.7588-rc.read.1.tlog
e:\代码保存（桌面）\rublishcode\blackcarsystem\blackcarsystem\debug\blackcarsystem.tlog\link.7588-rc.write.1.tlog
e:\代码保存（桌面）\rublishcode\blackcarsystem\blackcarsystem\debug\blackcarsystem.tlog\link.7588.read.1.tlog
e:\代码保存（桌面）\rublishcode\blackcarsystem\blackcarsystem\debug\blackcarsystem.tlog\link.7588.write.1.tlog
e:\代码保存（桌面）\rublishcode\blackcarsystem\blackcarsystem\debug\blackcarsystem.tlog\link.command.1.tlog
e:\代码保存（桌面）\rublishcode\blackcarsystem\blackcarsystem\debug\blackcarsystem.tlog\link.read.1.tlog
e:\代码保存（桌面）\rublishcode\blackcarsystem\blackcarsystem\debug\blackcarsystem.tlog\link.write.1.tlog
e:\代码保存（桌面）\rublishcode\blackcarsystem\blackcarsystem\debug\blackcarsystem.tlog\rc.command.1.tlog
e:\代码保存（桌面）\rublishcode\blackcarsystem\blackcarsystem\debug\blackcarsystem.tlog\rc.read.1.tlog
e:\代码保存（桌面）\rublishcode\blackcarsystem\blackcarsystem\debug\blackcarsystem.tlog\rc.write.1.tlog
